https://www.nice.com/solutions | /solutions | Web | 01/01/2023-01:00 | 01/01/2023-01:02 | 2:00 | 200
https://www.nice.com/solutions | /solutions | Mobile | 01/01/2023-01:01 | 01/01/2023-01:02 | 1:00 | 200
https://www.nice.com/solutions | /solutions | Web | 01/01/2023-01:02 | 01/01/2023-01:03 | 1:00 | 201
https://www.nice.com/solutions | /solutions | Mobile | 01/01/2023-01:03 | 01/01/2023-01:04 | 1:00 | 400
https://www.nice.com/solutions | /solutions | Web | 01/01/2023-01:04 | 01/01/2023-01:06 | 2:00 | 200
https://www.nice.com/solutions | /solutions | Mobile | 01/01/2023-01:05 | 01/01/2023-01:06 | 1:00 | 500
https://www.nice.com/solutions | /solutions | Web | 01/01/2023-01:06 | 01/01/2023-01:10 | 4:00 | 200
https://www.nice.com/solutions | /solutions | Mobile | 01/01/2023-01:07 | 01/01/2023-01:10 | 3:00 | 200
https://www.nice.com/solutions | /solutions | Web | 01/01/2023-01:10 | 01/01/2023-01:11 | 1:00 | 200
https://www.nice.com/solutions | /solutions | Mobile | 01/01/2023-01:11 | 01/01/2023-01:12 | 1:00 | 200
https://www.nice.com/solutions | /solutions | Web | 01/01/2023-01:12 | 01/01/2023-01:13 | 1:00 | 200
https://www.savvas.com/Company | /Company | Web | 01/01/2023-01:30 | 01/01/2023-01:31 | 1:00 | 201
https://www.savvas.com/Company | /Company | Mobile | 01/01/2023-01:31 | 01/01/2023-01:32 | 1:00 | 200
https://www.savvas.com/Company | /Company | Web | 01/01/2023-01:32 | 01/01/2023-01:33 | 1:00 | 200
https://www.savvas.com/Company | /Company | Mobile | 01/01/2023-01:33 | 01/01/2023-01:34 | 1:00 | 200
https://www.savvas.com/Company | /Company | Web | 01/01/2023-01:34 | 01/01/2023-01:35 | 1:00 | 201
https://www.savvas.com/Company | /Company | Mobile | 01/01/2023-01:35 | 01/01/2023-01:36 | 1:00 | 200
https://www.savvas.com/Company | /Company | Web | 01/01/2023-01:36 | 01/01/2023-01:37 | 1:00 | 200
https://www.savvas.com/Company | /Company | Mobile | 01/01/2023-01:37 | 01/01/2023-01:38 | 1:00 | 200
https://www.savvas.com/Company | /Company | Web | 01/01/2023-01:38 | 01/01/2023-01:39 | 1:00 | 500
https://www.savvas.com/Company | /Company | Mobile | 01/01/2023-01:39 | 01/01/2023-01:40 | 1:00 | 200
https://mailchimp.com/features | /features | Mobile | 01/01/2023-01:45 | 01/01/2023-01:47 | 2:00 | 200
https://mailchimp.com/features | /features | Web | 01/01/2023-01:46 | 01/01/2023-01:47 | 1:00 | 200
https://mailchimp.com/features | /features | Mobile | 01/01/2023-01:47 | 01/01/2023-01:48 | 1:00 | 500
https://mailchimp.com/features | /features | Web | 01/01/2023-01:48 | 01/01/2023-01:49 | 1:00 | 500
https://mailchimp.com/features | /features | Mobile | 01/01/2023-01:49 | 01/01/2023-01:50 | 1:00 | 200
https://mailchimp.com/features | /features | Web | 01/01/2023-01:50 | 01/01/2023-01:51 | 1:00 | 400
https://mailchimp.com/features | /features | Mobile | 01/01/2023-01:51 | 01/01/2023-01:52 | 1:00 | 201
https://mailchimp.com/features | /features | Web | 01/01/2023-01:52 | 01/01/2023-01:53 | 1:00 | 201
https://mailchimp.com/features | /features | Mobile | 01/01/2023-01:53 | 01/01/2023-01:54 | 1:00 | 500
https://mailchimp.com/features | /features | Web | 01/01/2023-01:54 | 01/01/2023-01:55 | 1:00 | 200
https://mailchimp.com/features | /features | Mobile | 01/01/2023-01:55 | 01/01/2023-01:56 | 1:00 | 400
https://mailchimp.com/features | /features | Web | 01/01/2023-01:56 | 01/01/2023-01:57 | 1:00 | 200
https://mailchimp.com/features | /features | Mobile | 01/01/2023-01:57 | 01/01/2023-01:58 | 1:00 | 200
https://mailchimp.com/features | /features | Web | 01/01/2023-01:58 | 01/01/2023-02:00 | 2:00 | 200
https://mailchimp.com/features | /features | Mobile | 01/01/2023-01:59 | 01/01/2023-02:00 | 1:00 | 201