https://www.nice.com/solutions | /solutions | Web | 01/01/2023-10:00 | 01/01/2023-10:01 | 1:00 | 200
https://www.nice.com/solutions | /solutions | Mobile | 01/01/2023-10:05 | 01/01/2023-10:07 | 2:00 | 201
https://www.nice.com/services | /services | Web | 01/01/2023-10:10 | 01/01/2023-10:13 | 3:00 | 400
https://www.nice.com/services | /services | Mobile | 01/01/2023-10:15 | 01/01/2023-10:18 | 3:00 | 400
https://www.nice.com/Products | /Products | Web | 01/01/2023-10:20 | 01/01/2023-10:22 | 2:00 | 200
https://www.nice.com/Products | /Products | Web | 01/01/2023-10:20 | 01/01/2023-10:23 | 3:00 | 200
https://www.nice.com/Resources | /Resources | Web | 01/01/2023-10:25 | 01/01/2023-10:28 | 3:00 | 200
https://www.savvas.com/Company | /Company | Web | 01/01/2023-10:30 | 01/01/2023-10:31 | 1:00 | 201
https://www.nice.com/Resources | /Resources | Mobile | 01/01/2023-10:30 | 01/01/2023-10:32 | 2:00 | 500
https://examradar.com/Home | /Home | Web | 01/01/2023-10:33 | 01/01/2023-10:35 | 2:00 | 200
https://examradar.com/Home | /Home | Web | 01/01/2023-10:33 | 01/01/2023-10:35 | 2:00 | 200
https://examradar.com/Books | /Books | Web | 01/01/2023-10:35 | 01/01/2023-10:36 | 1:00 | 200
https://examradar.com/Books | /Books | Mobile | 01/01/2023-10:35 | 01/01/2023-10:38 | 3:00 | 200
https://examradar.com/books | /books | Web | 01/01/2023-10:36 | 01/01/2023-10:37 | 2:00 | 200
https://www.savvas.com/Shop | /Shop | Web | 01/01/2023-10:35 | 01/01/2023-10:37 | 2:00 | 201
https://www.savvas.com/Shop | /Shop | Web | 01/01/2023-10:40 | 01/01/2023-10:42 | 2:00 | 200
https://www.savvas.com/Shop | /Shop | Mobile | 01/01/2023-10:40 | 01/01/2023-10:42 | 2:00 | 200
https://mailchimp.com/features | /features | Web | 01/01/2023-10:45 | 01/01/2023-10:46 | 1:00 | 200
https://mailchimp.com/features | /features | Web | 01/01/2023-10:45 | 01/01/2023-10:47 | 2:00 | 500
https://mailchimp.com/features | /features | Web | 01/01/2023-10:50 | 01/01/2023-10:51 | 1:00 | 400
https://mailchimp.com/features | /features | Mobile | 01/01/2023-10:45 | 01/01/2023-10:47 | 2:00 | 200
https://mailchimp.com/features | /features | Web | 01/01/2023-10:50 | 01/01/2023-10:51 | 2:00 | 200
https://www.freewebsite.com/reviews | /reviews | Web | 01/01/2023-10:50 | 01/01/2023-10:52 | 2:00 | 200
https://www.freewebsite.com/reviews | /reviews | Mobile | 01/01/2023-10:55 | 01/01/2023-10:57 | 2:00 | 200
https://www.freewebsite.com/reviews | /reviews | Web | 01/01/2023-11:00 | 01/01/2023-11:02 | 2:00 | 200
https://www.freewebsite.com/reviews | /reviews | Web | 01/01/2023-11:00 | 01/01/2023-11:01 | 1:00 | 200
https://www.freewebsite.com/templates | /templates | Mobile | 01/01/2023-11:05 | 01/01/2023-11:07 | 2:00 | 200
https://www.freewebsite.com/templates | /templates | Web | 01/01/2023-11:10 | 01/01/2023-11:11 | 1:00 | 201
https://www.freewebsite.com/templates | /templates | Web | 01/01/2023-11:10 | 01/01/2023-11:12 | 2:00 | 200
https://www.freewebsite.com/templates | /templates | Mobile | 01/01/2023-11:15 | 01/01/2023-11:17 | 2:00 | 201
https://www.freewebsite.com/templates | /templates | Mobile | 01/01/2023-11:15 | 01/01/2023-11:17 | 2:00 | 200
https://www.freewebsite.com/templates | /templates | Web | 01/01/2023-11:20 | 01/01/2023-11:23 | 3:00 | 200
https://www.freewebsite.com/templates | /templates | web | 01/01/2023-11:25 | 01/01/2023-11:27 | 2:00 | 400
https://examradar.com/Home | /Home | Web | 01/01/2023-11:30 | 01/01/2023-11:31 | 1:00 | 200
https://www.hometown.in/furniture | /furniture | Web | 01/01/2023-11:35 | 01/01/2023-11:38 | 3:00 | 200
https://www.hometown.in/More | /More | Mobile | 01/01/2023-11:40 | 01/01/2023-11:42 | 2:00 | 200
https://www.hometown.in/More | /More | Web | 01/01/2023-11:45 | 01/01/2023-11:46 | 1:00 | 200
https://www.hometown.in/More | /More | Web | 01/01/2023-11:50 | 01/01/2023-11:52 | 2:00 | 400
https://www.hometown.in/furniture | /furniture | Mobile | 01/01/2023-11:55 | 01/01/2023-11:57 | 2:00 | 200
https://www.hometown.in/furniture | /furniture | Mobile | 01/01/2023-12:00 | 01/01/2023-12:01 | 1:00 | 400
https://www.hometown.in/furniture | /furniture | Web | 01/01/2023-12:01 | 01/01/2023-12:03 | 3:00 | 200
https://www.hometown.in/furniture | /furniture | Mobile | 01/01/2023-12:05 | 01/01/2023-12:07 | 2:00 | 500
https://www.website.com/Websites | /Websites | Web | 01/01/2023-12:10 | 01/01/2023-12:12 | 2:00 | 200
https://www.website.com/Websites | /Websites | Web | 01/01/2023-12:10 | 01/01/2023-12:12 | 2:00 | 200
https://www.website.com/Websites | /Websites | web | 01/01/2023-12:13 | 01/01/2023-12:14 | 1:00 | 201
https://www.website.com/Websites | /Websites | Mobile | 01/01/2023-12:15 | 01/01/2023-12:17 | 2:00 | 200
https://www.website.com/Websites | /Websites | Web | 01/01/2023-12:14 | 01/01/2023-12:17 | 3:00 | 200
https://www.website.com/Websites | /Websites | Web | 01/01/2023-12:20 | 01/01/2023-12:22 | 2:00 | 200
https://www.website.com/Websites | /Websites | Web | 01/01/2023-12:20 | 01/01/2023-12:25 | 5:00 | 200
https://www.website.com/Websites | /Websites | Web | 01/01/2023-12:25 | 01/01/2023-12:30 | 5:00 | 201