https://www.nice.com/solutions | /solutions | Web | 01/01/2023-10:00 | 01/01/2023-10:01 | 1:00 | 200
https://www.nice.com/solutions | /solutions | Mobile | 01/01/2023-10:05 | 01/01/2023-10:07 | 2:00 | 201
https://www.nice.com/services | /services | Web | 01/01/2023-10:10 | 01/01/2023-10:13 | 3:00 | 400
https://www.nice.com/services | /services | Mobile | 01/01/2023-10:15 | 01/01/2023-10:18 | 3:00 | 400
https://www.nice.com/Products | /Products | Web | 01/01/2023-10:20 | 01/01/2023-10:22 | 2:00 | 200
https://www.nice.com/Products | /Products | Web | 01/01/2023-10:20 | 01/01/2023-10:23 | 3:00 | 200
https://www.nice.com/Resources | /Resources | Web | 01/01/2023-10:25 | 01/01/2023-10:28 | 3:00 | 200
https://www.savvas.com/Company | /Company | Web | 01/01/2023-10:30 | 01/01/2023-10:31 | 1:00 | 201
https://www.nice.com/Resources | /Resources | Mobile | 01/01/2023-10:30 | 01/01/2023-10:32 | 2:00 | 500
https://examradar.com/Home | /Home | Web | 01/01/2023-10:33 | 01/01/2023-10:35 | 2:00 | 200
https://examradar.com/Home | /Home | Web | 01/01/2023-10:33 | 01/01/2023-10:35 | 2:00 | 200
https://examradar.com/Books | /Books | Web | 01/01/2023-10:35 | 01/01/2023-10:36 | 1:00 | 200
https://examradar.com/Books | /Books | Mobile | 01/01/2023-10:35 | 01/01/2023-10:38 | 3:00 | 200
https://examradar.com/books | /books | Web | 01/01/2023-10:36 | 01/01/2023-10:37 | 2:00 | 200
https://www.savvas.com/Shop | /Shop | Web | 01/01/2023-10:35 | 01/01/2023-10:37 | 2:00 | 201
https://www.savvas.com/Shop | /Shop | Web | 01/01/2023-10:40 | 01/01/2023-10:42 | 2:00 | 200
https://www.savvas.com/Shop | /Shop | Mobile | 01/01/2023-10:40 | 01/01/2023-10:42 | 2:00 | 200
https://mailchimp.com/features | /features | Web | 01/01/2023-10:45 | 01/01/2023-10:46 | 1:00 | 200
https://mailchimp.com/features | /features | Web | 01/01/2023-10:45 | 01/01/2023-10:47 | 2:00 | 500
https://mailchimp.com/features | /features | Web | 01/01/2023-10:50 | 01/01/2023-10:51 | 1:00 | 400
https://mailchimp.com/features | /features | Mobile | 01/01/2023-10:45 | 01/01/2023-10:47 | 2:00 | 200
https://mailchimp.com/features | /features | Web | 01/01/2023-10:50 | 01/01/2023-10:51 | 2:00 | 200
https://www.freewebsite.com/reviews | /reviews | Web | 01/01/2023-10:50 | 01/01/2023-10:52 | 2:00 | 200
https://www.freewebsite.com/reviews | /reviews | Mobile | 01/01/2023-10:55 | 01/01/2023-10:57 | 2:00 | 200
https://www.freewebsite.com/reviews | /reviews | Web | 01/01/2023-11:00 | 01/01/2023-11:02 | 2:00 | 200
https://www.freewebsite.com/reviews | /reviews | Web | 01/01/2023-11:00 | 01/01/2023-11:01 | 1:00 | 200
https://www.freewebsite.com/templates | /templates | Mobile | 01/01/2023-11:05 | 01/01/2023-11:07 | 2:00 | 200
https://www.freewebsite.com/templates | /templates | Web | 01/01/2023-11:10 | 01/01/2023-11:11 | 1:00 | 201
https://www.freewebsite.com/templates | /templates | Web | 01/01/2023-11:10 | 01/01/2023-11:12 | 2:00 | 200
https://www.freewebsite.com/templates | /templates | Mobile | 01/01/2023-11:15 | 01/01/2023-11:17 | 2:00 | 201
https://www.freewebsite.com/templates | /templates | Mobile | 01/01/2023-11:15 | 01/01/2023-11:17 | 2:00 | 200
https://www.freewebsite.com/templates | /templates | Web | 01/01/2023-11:20 | 01/01/2023-11:23 | 3:00 | 200
https://www.freewebsite.com/templates | /templates | web | 01/01/2023-11:25 | 01/01/2023-11:27 | 2:00 | 400
https://examradar.com/Home | /Home | Web | 01/01/2023-11:30 | 01/01/2023-11:31 | 1:00 | 200
https://www.hometown.in/furniture | /furniture | Web | 01/01/2023-11:35 | 01/01/2023-11:38 | 3:00 | 200
https://www.hometown.in/More | /More | Mobile | 01/01/2023-11:40 | 01/01/2023-11:42 | 2:00 | 200
https://www.hometown.in/More | /More | Web | 01/01/2023-11:45 | 01/01/2023-11:46 | 1:00 | 200
https://www.hometown.in/More | /More | Web | 01/01/2023-11:50 | 01/01/2023-11:52 | 2:00 | 400
https://www.hometown.in/furniture | /furniture | Mobile | 01/01/2023-11:55 | 01/01/2023-11:57 | 2:00 | 200
https://www.hometown.in/furniture | /furniture | Mobile | 01/01/2023-12:00 | 01/01/2023-12:01 | 1:00 | 400
https://www.hometown.in/furniture | /furniture | Web | 01/01/2023-12:01 | 01/01/2023-12:03 | 3:00 | 200
https://www.hometown.in/furniture | /furniture | Mobile | 01/01/2023-12:05 | 01/01/2023-12:07 | 2:00 | 500
https://www.website.com/Websites | /Websites | Web | 01/01/2023-12:10 | 01/01/2023-12:12 | 2:00 | 200
https://www.website.com/Websites | /Websites | Web | 01/01/2023-12:10 | 01/01/2023-12:12 | 2:00 | 200
https://www.website.com/Websites | /Websites | web | 01/01/2023-12:13 | 01/01/2023-12:14 | 1:00 | 201
https://www.website.com/Websites | /Websites | Mobile | 01/01/2023-12:15 | 01/01/2023-12:17 | 2:00 | 200
https://www.website.com/Websites | /Websites | Web | 01/01/2023-12:14 | 01/01/2023-12:17 | 3:00 | 200
https://www.website.com/Websites | /Websites | Web | 01/01/2023-12:20 | 01/01/2023-12:22 | 2:00 | 200
https://www.website.com/Websites | /Websites | Web | 01/01/2023-12:20 | 01/01/2023-12:25 | 5:00 | 200
https://www.website.com/Websites | /Websites | Web | 01/01/2023-12:25 | 01/01/2023-12:30 | 5:00 | 201
https://www.nice.com/solutions | /solutions | Web | 01/01/2023-13:00 | 01/01/2023-13:02 | 2:00 | 200
https://www.nice.com/solutions | /solutions | Mobile | 01/01/2023-13:01 | 01/01/2023-13:02 | 1:00 | 200
https://www.nice.com/solutions | /solutions | Web | 01/01/2023-01:02 | 01/01/2023-01:03 | 1:00 | 201
https://www.nice.com/solutions | /solutions | Mobile | 01/01/2023-01:03 | 01/01/2023-01:04 | 1:00 | 400
https://www.nice.com/solutions | /solutions | Web | 01/01/2023-01:04 | 01/01/2023-01:06 | 2:00 | 200
https://www.nice.com/solutions | /solutions | Mobile | 01/01/2023-01:05 | 01/01/2023-01:06 | 1:00 | 500
https://www.nice.com/solutions | /solutions | Web | 01/01/2023-01:06 | 01/01/2023-01:10 | 4:00 | 200
https://www.nice.com/solutions | /solutions | Mobile | 01/01/2023-01:07 | 01/01/2023-01:10 | 3:00 | 200
https://www.nice.com/solutions | /solutions | Web | 01/01/2023-01:10 | 01/01/2023-01:11 | 1:00 | 200
https://www.nice.com/solutions | /solutions | Mobile | 01/01/2023-01:11 | 01/01/2023-01:12 | 1:00 | 200
https://www.nice.com/solutions | /solutions | Web | 01/01/2023-01:12 | 01/01/2023-01:13 | 1:00 | 200
https://www.savvas.com/Company | /Company | Web | 01/01/2023-01:30 | 01/01/2023-01:31 | 1:00 | 201
https://www.savvas.com/Company | /Company | Mobile | 01/01/2023-01:31 | 01/01/2023-01:32 | 1:00 | 200
https://www.savvas.com/Company | /Company | Web | 01/01/2023-01:32 | 01/01/2023-01:33 | 1:00 | 200
https://www.savvas.com/Company | /Company | Mobile | 01/01/2023-01:33 | 01/01/2023-01:34 | 1:00 | 200
https://www.savvas.com/Company | /Company | Web | 01/01/2023-01:34 | 01/01/2023-01:35 | 1:00 | 201
https://www.savvas.com/Company | /Company | Mobile | 01/01/2023-01:35 | 01/01/2023-01:36 | 1:00 | 200
https://www.savvas.com/Company | /Company | Web | 01/01/2023-01:36 | 01/01/2023-01:37 | 1:00 | 200
https://www.savvas.com/Company | /Company | Mobile | 01/01/2023-01:37 | 01/01/2023-01:38 | 1:00 | 200
https://www.savvas.com/Company | /Company | Web | 01/01/2023-01:38 | 01/01/2023-01:39 | 1:00 | 500
https://www.savvas.com/Company | /Company | Mobile | 01/01/2023-01:39 | 01/01/2023-01:40 | 1:00 | 200
https://mailchimp.com/features | /features | Mobile | 01/01/2023-01:45 | 01/01/2023-01:47 | 2:00 | 200
https://mailchimp.com/features | /features | Web | 01/01/2023-01:46 | 01/01/2023-01:47 | 1:00 | 200
https://mailchimp.com/features | /features | Mobile | 01/01/2023-01:47 | 01/01/2023-01:48 | 1:00 | 500
https://mailchimp.com/features | /features | Web | 01/01/2023-01:48 | 01/01/2023-01:49 | 1:00 | 500
https://mailchimp.com/features | /features | Mobile | 01/01/2023-01:49 | 01/01/2023-01:50 | 1:00 | 200
https://mailchimp.com/features | /features | Web | 01/01/2023-01:50 | 01/01/2023-01:51 | 1:00 | 400
https://mailchimp.com/features | /features | Mobile | 01/01/2023-01:51 | 01/01/2023-01:52 | 1:00 | 201
https://mailchimp.com/features | /features | Web | 01/01/2023-01:52 | 01/01/2023-01:53 | 1:00 | 201
https://mailchimp.com/features | /features | Mobile | 01/01/2023-01:53 | 01/01/2023-01:54 | 1:00 | 500
https://mailchimp.com/features | /features | Web | 01/01/2023-01:54 | 01/01/2023-01:55 | 1:00 | 200
https://mailchimp.com/features | /features | Mobile | 01/01/2023-01:55 | 01/01/2023-01:56 | 1:00 | 400
https://mailchimp.com/features | /features | Web | 01/01/2023-01:56 | 01/01/2023-01:57 | 1:00 | 200
https://mailchimp.com/features | /features | Mobile | 01/01/2023-01:57 | 01/01/2023-01:58 | 1:00 | 200
https://mailchimp.com/features | /features | Web | 01/01/2023-01:58 | 01/01/2023-02:00 | 2:00 | 200
https://mailchimp.com/features | /features | Mobile | 01/01/2023-01:59 | 01/01/2023-02:00 | 1:00 | 201
https://mailchimp.com/features | /features | Web | 01/01/2023-02:00 | 01/01/2023-02:01 | 1:00 | 200
https://mailchimp.com/features | /features | Mobile | 01/01/2023-02:01 | 01/01/2023-02:02 | 1:00 | 200
https://mailchimp.com/features | /features | Web | 01/01/2023-02:02 | 01/01/2023-02:03 | 1:00 | 400
https://mailchimp.com/features | /features | Mobile | 01/01/2023-02:03 | 01/01/2023-02:04 | 1:00 | 200
https://mailchimp.com/features | /features | Web | 01/01/2023-02:04 | 01/01/2023-02:05 | 1:00 | 200
https://mailchimp.com/features | /features | Mobile | 01/01/2023-02:05 | 01/01/2023-02:06 | 1:00 | 500
https://mailchimp.com/features | /features | Web | 01/01/2023-02:10 | 01/01/2023-02:15 | 5:00 | 201
https://mailchimp.com/features | /features | Mobile | 01/01/2023-02:11 | 01/01/2023-02:12 | 1:00 | 200
https://mailchimp.com/features | /features | Web | 01/01/2023-02:12 | 01/01/2023-02:13 | 1:00 | 200
https://mailchimp.com/features | /features | Mobile | 01/01/2023-02:13 | 01/01/2023-02:14 | 1:00 | 200
https://www.website.com/Websites | /Websites | Web | 01/01/2023-02:15 | 01/01/2023-02:18 | 3:00 | 200
https://www.website.com/Websites | /Websites | Mobile | 01/01/2023-02:16 | 01/01/2023-02:17 | 1:00 | 400
https://www.website.com/Websites | /Websites | Web | 01/01/2023-02:17 | 01/01/2023-02:18 | 1:00 | 200
https://www.website.com/Websites | /Websites | Mobile | 01/01/2023-02:18 | 01/01/2023-02:19 | 1:00 | 200
https://www.website.com/Websites | /Websites | Web | 01/01/2023-02:19 | 01/01/2023-02:20 | 1:00 | 500
https://www.website.com/Websites | /Websites | Mobile | 01/01/2023-02:20 | 01/01/2023-02:21 | 1:00 | 200
https://www.website.com/Websites | /Websites | Web | 01/01/2023-02:21 | 01/01/2023-02:22 | 1:00 | 200
https://www.website.com/Websites | /Websites | Mobile | 01/01/2023-02:22 | 01/01/2023-02:23 | 1:00 | 200
https://www.website.com/Websites | /Websites | Web | 01/01/2023-02:23 | 01/01/2023-02:24 | 1:00 | 500
https://www.website.com/Websites | /Websites | Mobile | 01/01/2023-02:24 | 01/01/2023-02:25 | 1:00 | 200
https://www.website.com/Websites | /Websites | Web | 01/01/2023-02:25 | 01/01/2023-02:26 | 1:00 | 200
https://www.website.com/Websites | /Websites | Mobile | 01/01/2023-02:26 | 01/01/2023-02:27 | 1:00 | 200
https://www.website.com/Websites | /Websites | Web | 01/01/2023-02:27 | 01/01/2023-02:28 | 1:00 | 400
https://www.website.com/Websites | /Websites | Mobile | 01/01/2023-02:28 | 01/01/2023-02:29 | 1:00 | 400
https://www.website.com/Websites | /Websites | Web | 01/01/2023-02:29 | 01/01/2023-02:30 | 1:00 | 200
https://www.website.com/Websites | /Websites | Mobile | 01/01/2023-02:30 | 01/01/2023-02:31 | 1:00 | 500
https://www.website.com/Websites | /Websites | Web | 01/01/2023-02:31 | 01/01/2023-02:32 | 1:00 | 201
https://www.website.com/Websites | /Websites | Mobile | 01/01/2023-02:32 | 01/01/2023-02:33 | 1:00 | 200
https://www.website.com/Websites | /Websites | Web | 01/01/2023-02:33 | 01/01/2023-02:34 | 1:00 | 200
https://www.website.com/Websites | /Websites | Mobile | 01/01/2023-02:34 | 01/01/2023-02:35 | 1:00 | 200
https://www.website.com/Websites | /Websites | Web | 01/01/2023-02:35 | 01/01/2023-02:36 | 1:00 | 201
https://www.website.com/Websites | /Websites | Mobile | 01/01/2023-02:36 | 01/01/2023-02:37 | 1:00 | 200
https://www.website.com/Websites | /Websites | Web | 01/01/2023-02:37 | 01/01/2023-02:38 | 1:00 | 200
https://www.website.com/Websites | /Websites | Mobile | 01/01/2023-02:38 | 01/01/2023-02:39 | 1:00 | 200
https://www.website.com/Websites | /Websites | Web | 01/01/2023-02:39 | 01/01/2023-02:40 | 1:00 | 500
https://www.website.com/Websites | /Websites | Mobile | 01/01/2023-02:40 | 01/01/2023-02:41 | 1:00 | 200
https://www.website.com/Websites | /Websites | Web | 01/01/2023-02:45 | 01/01/2023-02:48 | 3:00 | 200
https://www.website.com/Websites | /Websites | Mobile | 01/01/2023-02:46 | 01/01/2023-02:47 | 1:00 | 400
https://www.website.com/Websites | /Websites | Web | 01/01/2023-02:47 | 01/01/2023-02:48 | 1:00 | 200
https://www.website.com/Websites | /Websites | Mobile | 01/01/2023-02:48 | 01/01/2023-02:49 | 1:00 | 200
https://www.website.com/Websites | /Websites | Web | 01/01/2023-02:49 | 01/01/2023-02:50 | 1:00 | 500
https://www.website.com/Websites | /Websites | Mobile | 01/01/2023-02:50 | 01/01/2023-02:51 | 1:00 | 200
https://www.website.com/Websites | /Websites | Web | 01/01/2023-02:51 | 01/01/2023-02:52 | 1:00 | 201
https://www.website.com/Websites | /Websites | Mobile | 01/01/2023-02:52 | 01/01/2023-02:53 | 1:00 | 200
https://www.website.com/Websites | /Websites | Web | 01/01/2023-02:53 | 01/01/2023-02:54 | 1:00 | 400
https://www.website.com/Websites | /Websites | Mobile | 01/01/2023-02:54 | 01/01/2023-02:55 | 1:00 | 200
https://www.website.com/Websites | /Websites | Web | 01/01/2023-02:55 | 01/01/2023-02:56 | 1:00 | 200
https://www.website.com/Websites | /Websites | Web | 01/01/2023-03:10 | 01/01/2023-03:12 | 2:00 | 500
https://www.website.com/Websites | /Websites | Mobile | 01/01/2023-03:15 | 01/01/2023-03:18 | 3:00 | 200
https://www.website.com/Websites | /Websites | Web | 01/01/2023-03:20 | 01/01/2023-03:23 | 3:00 | 400
https://www.website.com/Websites | /Websites | Web | 01/01/2023-03:25 | 01/01/2023-03:28 | 3:00 | 201
https://www.website.com/Websites | /Websites | Web | 01/01/2023-03:30 | 01/01/2023-03:32 | 2:00 | 200
https://www.website.com/Websites | /Websites | Mobile | 01/01/2023-03:35 | 01/01/2023-03:38 | 3:00 | 200
https://www.hometown.in/More | /More | Mobile | 01/01/2023-03:40 | 01/01/2023-03:42 | 2:00 | 200